2025-09-13 21:40:06 Loading main app package /usr/lib/obsidian/obsidian.asar
2025-09-13 21:40:06 Checking for update using Github
2025-09-13 21:40:06 Success.
2025-09-13 21:40:06 Latest version is 1.9.12
2025-09-13 21:40:06 App is up to date.
2025-09-13 21:56:21 Loading main app package /usr/lib/obsidian/obsidian.asar
2025-09-13 21:56:22 Checking for update using Github
2025-09-13 21:56:22 Success.
2025-09-13 21:56:22 Latest version is 1.9.12
2025-09-13 21:56:22 App is up to date.
2025-09-13 22:07:07 Loading main app package /usr/lib/obsidian/obsidian.asar
2025-09-13 22:07:07 Checking for update using Github
2025-09-13 22:07:08 Success.
2025-09-13 22:07:08 Latest version is 1.9.12
2025-09-13 22:07:08 App is up to date.
2025-09-13 22:31:39 Loading main app package /usr/lib/obsidian/obsidian.asar
2025-09-13 22:31:39 Checking for update using Github
2025-09-13 22:31:40 Success.
2025-09-13 22:31:40 Latest version is 1.9.12
2025-09-13 22:31:40 App is up to date.
2025-09-13 22:56:15 Loading main app package /usr/lib/obsidian/obsidian.asar
2025-09-13 22:56:16 Checking for update using Github
2025-09-13 22:56:17 Success.
2025-09-13 22:56:17 Latest version is 1.9.12
2025-09-13 22:56:17 App is up to date.
